#Res      Fluct_00001
       1      11.9077
       2      10.4866
       3       8.6672
       4       7.2554
       5       6.2484
       6       4.9369
       7       4.8089
       8       3.9747
       9       4.2074
      10       3.2179
      11       1.8615
      12       1.5157
      13       1.3635
      14       1.2787
      15       1.1608
      16       1.0262
      17       1.2228
      18       1.2641
      19       1.1809
      20       1.2985
      21       1.5290
      22       1.5951
      23       1.6321
      24       1.4571
      25       1.2353
      26       1.2926
      27       1.2172
      28       1.0236
      29       1.0236
      30       1.0522
      31       0.9342
      32       0.8051
      33       0.9260
      34       1.0285
      35       0.9131
      36       0.8814
      37       1.1011
      38       1.1461
      39       0.8860
      40       0.8691
      41       0.7658
      42       0.7349
      43       0.8557
      44       0.9270
      45       1.0124
      46       1.4675
      47       1.5324
      48       1.4336
      49       1.8375
      50       1.6870
      51       1.3743
      52       1.1137
      53       0.9460
      54       0.7310
      55       0.7286
      56       0.6733
      57       0.6945
      58       0.7695
      59       0.8338
      60       0.9346
      61       1.1174
      62       1.3300
      63       1.0023
      64       0.7397
      65       0.6277
      66       0.5155
      67       0.4471
      68       0.4422
      69       0.4184
      70       0.4903
      71       0.6728
      72       0.6606
      73       0.6688
      74       0.7298
      75       0.6792
      76       0.7067
      77       0.6256
      78       0.6063
      79       0.6715
      80       0.6684
      81       0.5884
      82       0.6676
      83       0.6787
      84       0.6287
      85       0.6408
      86       0.7486
      87       0.8146
      88       0.7272
      89       0.8037
      90       0.9300
      91       0.8837
      92       0.7665
      93       0.6980
      94       0.5772
      95       0.5970
      96       0.5097
      97       0.5382
      98       0.6055
      99       0.6283
     100       0.6895
     101       0.7231
     102       0.6990
     103       0.8764
     104       1.0849
     105       1.2427
     106       0.9297
     107       0.7847
     108       0.6966
     109       0.6333
     110       0.7144
     111       0.6587
     112       0.6184
     113       0.6556
     114       0.5922
     115       0.5478
     116       0.4965
     117       0.4860
     118       0.5223
     119       0.4846
     120       0.4478
     121       0.5803
     122       0.5894
     123       0.5080
     124       0.6857
     125       0.8114
     126       0.7634
     127       0.7352
     128       1.2617
     129       1.1140
     130       0.7969
     131       0.7095
     132       0.5700
     133       0.5785
     134       0.4329
     135       0.4039
     136       0.4913
     137       0.5587
     139       0.6287
     140       0.5342
     141       0.5246
     142       0.5722
     143       0.5449
     144       0.4743
     145       0.4434
     146       0.5108
     147       0.4437
     148       0.4771
     149       0.5831
     150       0.5798
     151       0.5803
     152       0.7262
     153       1.0422
     154       1.1170
     155       1.1564
     156       1.0447
     157       0.9317
     158       0.7843
     159       0.6063
     160       0.6386
     161       0.5676
     162       0.4350
     163       0.4369
     164       0.4026
     165       0.4736
     166       0.5080
     167       0.4870
     168       0.6050
     169       0.7370
     170       1.1454
     171       1.0141
     172       0.7920
     173       1.5313
     174       2.1424
     175       2.7497
     176       2.3204
     177       1.7633
     178       1.6094
     179       1.5846
     180       1.6976
     181       1.2385
     182       1.0872
     183       1.0110
     184       0.9740
     185       0.9232
     186       0.9003
     187       1.2004
     188       1.4188
     189       1.2074
     190       1.7064
     191       1.3370
     192       1.5314
     193       1.0549
     194       1.1907
     195       1.3330
     196       1.0169
     197       0.9179
     198       0.8340
     199       0.8512
     200       0.9645
     201       0.8407
     202       0.6926
     203       0.7265
     204       0.7591
     205       0.6707
     206       0.6553
     207       0.7523
     208       0.7069
     209       0.6187
     210       0.6965
     211       0.7383
     212       0.6554
     213       0.7974
     214       0.9630
     215       0.7957
     216       0.7202
     217       0.9177
     218       0.8761
     219       0.8977
     220       0.7876
     221       0.6832
     222       0.7014
     223       0.5926
     224       0.5978
     225       0.5395
     226       0.5499
     227       0.5015
     228       0.5075
     229       0.5235
     230       0.6277
     231       0.7945
     232       0.7918
     233       0.8175
     234       1.3456
     235       1.5509
     236       2.3476
     237       1.4880
     238       2.1653
     239       2.3190
     240       2.5915
     241       2.2843
     242       1.7691
     243       1.5676
     244       1.6968
     245       2.2457
     246       2.5449
     247       2.2436
     248       1.4497
     249       1.8559
     250       1.3209
     251       1.0860
     252       0.7081
     253       0.7345
     254       0.7292
     255       0.7531
     256       0.7526
     257       0.8031
     258       0.8642
     259       0.7369
     260       0.6889
     261       0.6510
     262       0.6920
     263       0.7128
     264       0.7012
     265       0.7926
     266       0.7993
     267       0.8896
     268       0.7971
     269       0.7839
     270       0.8426
     271       0.8707
     272       0.6868
     273       0.6906
     274       0.7841
     275       0.7465
     276       0.6541
     277       0.7601
     278       0.8458
     279       0.8043
     280       0.9339
     281       1.1206
     282       1.3291
     283       1.5629
